<?xml version="1.0" encoding="UTF-8"?>
<!-- Generated by org.testng.reporters.JUnitXMLReporter -->
<testsuite hostname="DESKTOP-CH574A2" ignored="0" name="Default test" tests="3" failures="0" timestamp="2022-04-22T11:00:18 EDT" time="56.353" errors="0">
  <testcase name="womenPageLinkTest" time="0.01" classname="com.ap.qa.testcases.WomenPageTest"/>
  <testcase name="womenPageBannerTest" time="0.023" classname="com.ap.qa.testcases.WomenPageTest"/>
  <testcase name="getCategoryList" time="0.133" classname="com.ap.qa.testcases.WomenPageTest"/>
</testsuite> <!-- Default test -->
