<?xml version="1.0" encoding="UTF-8"?>
<testng-results skipped="0" failed="1" ignored="0" total="21" passed="20">
  <reporter-output>
  </reporter-output>
  <suite name="Suite_Runner" duration-ms="100127" started-at="2022-04-22T16:49:03 EDT" finished-at="2022-04-22T16:50:43 EDT">
    <groups>
    </groups>
    <test name="Test" duration-ms="100127" started-at="2022-04-22T16:49:03 EDT" finished-at="2022-04-22T16:50:43 EDT">
      <class name="com.ap.qa.testcases.WomenPageTest">
        <test-method status="PASS" signature="setup()[pri:0, instance:com.ap.qa.testcases.WomenPageTest@68ceda24]" name="setup" is-config="true" duration-ms="8170" started-at="2022-04-22T16:50:16 EDT" finished-at="2022-04-22T16:50:24 EDT">
          <reporter-output>
          </reporter-output>
        </test-method> <!-- setup -->
        <test-method status="PASS" signature="womenPageLinkTest()[pri:1, instance:com.ap.qa.testcases.WomenPageTest@68ceda24]" name="womenPageLinkTest" duration-ms="5" started-at="2022-04-22T16:50:24 EDT" finished-at="2022-04-22T16:50:24 EDT">
          <reporter-output>
          </reporter-output>
        </test-method> <!-- womenPageLinkTest -->
        <test-method status="PASS" signature="teardown()[pri:0, instance:com.ap.qa.testcases.WomenPageTest@68ceda24]" name="teardown" is-config="true" duration-ms="635" started-at="2022-04-22T16:50:24 EDT" finished-at="2022-04-22T16:50:25 EDT">
          <reporter-output>
          </reporter-output>
        </test-method> <!-- teardown -->
        <test-method status="PASS" signature="setup()[pri:0, instance:com.ap.qa.testcases.WomenPageTest@68ceda24]" name="setup" is-config="true" duration-ms="10781" started-at="2022-04-22T16:50:25 EDT" finished-at="2022-04-22T16:50:35 EDT">
          <reporter-output>
          </reporter-output>
        </test-method> <!-- setup -->
        <test-method status="PASS" signature="womenPageBannerTest()[pri:2, instance:com.ap.qa.testcases.WomenPageTest@68ceda24]" name="womenPageBannerTest" duration-ms="31" started-at="2022-04-22T16:50:35 EDT" finished-at="2022-04-22T16:50:35 EDT">
          <reporter-output>
          </reporter-output>
        </test-method> <!-- womenPageBannerTest -->
        <test-method status="PASS" signature="teardown()[pri:0, instance:com.ap.qa.testcases.WomenPageTest@68ceda24]" name="teardown" is-config="true" duration-ms="687" started-at="2022-04-22T16:50:35 EDT" finished-at="2022-04-22T16:50:36 EDT">
          <reporter-output>
          </reporter-output>
        </test-method> <!-- teardown -->
        <test-method status="PASS" signature="setup()[pri:0, instance:com.ap.qa.testcases.WomenPageTest@68ceda24]" name="setup" is-config="true" duration-ms="6081" started-at="2022-04-22T16:50:36 EDT" finished-at="2022-04-22T16:50:42 EDT">
          <reporter-output>
          </reporter-output>
        </test-method> <!-- setup -->
        <test-method status="PASS" signature="getCategoryList()[pri:3, instance:com.ap.qa.testcases.WomenPageTest@68ceda24]" name="getCategoryList" duration-ms="158" started-at="2022-04-22T16:50:42 EDT" finished-at="2022-04-22T16:50:42 EDT">
          <reporter-output>
          </reporter-output>
        </test-method> <!-- getCategoryList -->
        <test-method status="PASS" signature="teardown()[pri:0, instance:com.ap.qa.testcases.WomenPageTest@68ceda24]" name="teardown" is-config="true" duration-ms="666" started-at="2022-04-22T16:50:42 EDT" finished-at="2022-04-22T16:50:43 EDT">
          <reporter-output>
          </reporter-output>
        </test-method> <!-- teardown -->
      </class> <!-- com.ap.qa.testcases.WomenPageTest -->
      <class name="com.ap.qa.testcases.AccountPageTest">
        <test-method status="PASS" signature="setup()[pri:0, instance:com.ap.qa.testcases.AccountPageTest@24b1d79b]" name="setup" is-config="true" duration-ms="4924" started-at="2022-04-22T16:49:59 EDT" finished-at="2022-04-22T16:50:04 EDT">
          <reporter-output>
          </reporter-output>
        </test-method> <!-- setup -->
        <test-method status="PASS" signature="accountPageTitleTest()[pri:1, instance:com.ap.qa.testcases.AccountPageTest@24b1d79b]" name="accountPageTitleTest" duration-ms="8" started-at="2022-04-22T16:50:04 EDT" finished-at="2022-04-22T16:50:04 EDT">
          <reporter-output>
          </reporter-output>
        </test-method> <!-- accountPageTitleTest -->
        <test-method status="PASS" signature="teardown()[pri:0, instance:com.ap.qa.testcases.AccountPageTest@24b1d79b]" name="teardown" is-config="true" duration-ms="643" started-at="2022-04-22T16:50:04 EDT" finished-at="2022-04-22T16:50:05 EDT">
          <reporter-output>
          </reporter-output>
        </test-method> <!-- teardown -->
        <test-method status="PASS" signature="setup()[pri:0, instance:com.ap.qa.testcases.AccountPageTest@24b1d79b]" name="setup" is-config="true" duration-ms="4444" started-at="2022-04-22T16:50:05 EDT" finished-at="2022-04-22T16:50:09 EDT">
          <reporter-output>
          </reporter-output>
        </test-method> <!-- setup -->
        <test-method status="PASS" signature="AccountPageLinkTest()[pri:2, instance:com.ap.qa.testcases.AccountPageTest@24b1d79b]" name="AccountPageLinkTest" duration-ms="25" started-at="2022-04-22T16:50:09 EDT" finished-at="2022-04-22T16:50:09 EDT">
          <reporter-output>
          </reporter-output>
        </test-method> <!-- AccountPageLinkTest -->
        <test-method status="PASS" signature="teardown()[pri:0, instance:com.ap.qa.testcases.AccountPageTest@24b1d79b]" name="teardown" is-config="true" duration-ms="641" started-at="2022-04-22T16:50:09 EDT" finished-at="2022-04-22T16:50:10 EDT">
          <reporter-output>
          </reporter-output>
        </test-method> <!-- teardown -->
        <test-method status="PASS" signature="setup()[pri:0, instance:com.ap.qa.testcases.AccountPageTest@24b1d79b]" name="setup" is-config="true" duration-ms="3927" started-at="2022-04-22T16:50:10 EDT" finished-at="2022-04-22T16:50:14 EDT">
          <reporter-output>
          </reporter-output>
        </test-method> <!-- setup -->
        <test-method status="PASS" signature="clickOnWomenHeaderLinkTest()[pri:3, instance:com.ap.qa.testcases.AccountPageTest@24b1d79b]" name="clickOnWomenHeaderLinkTest" duration-ms="1360" started-at="2022-04-22T16:50:14 EDT" finished-at="2022-04-22T16:50:15 EDT">
          <reporter-output>
          </reporter-output>
        </test-method> <!-- clickOnWomenHeaderLinkTest -->
        <test-method status="PASS" signature="teardown()[pri:0, instance:com.ap.qa.testcases.AccountPageTest@24b1d79b]" name="teardown" is-config="true" duration-ms="672" started-at="2022-04-22T16:50:15 EDT" finished-at="2022-04-22T16:50:16 EDT">
          <reporter-output>
          </reporter-output>
        </test-method> <!-- teardown -->
      </class> <!-- com.ap.qa.testcases.AccountPageTest -->
      <class name="com.ap.qa.testcases.LoginPageTest">
        <test-method status="PASS" signature="setUp()[pri:0, instance:com.ap.qa.testcases.LoginPageTest@704d6e83]" name="setUp" is-config="true" duration-ms="4059" started-at="2022-04-22T16:49:03 EDT" finished-at="2022-04-22T16:49:07 EDT">
          <reporter-output>
          </reporter-output>
        </test-method> <!-- setUp -->
        <test-method status="PASS" signature="loginPageTitle()[pri:1, instance:com.ap.qa.testcases.LoginPageTest@704d6e83]" name="loginPageTitle" duration-ms="16" started-at="2022-04-22T16:49:07 EDT" finished-at="2022-04-22T16:49:07 EDT">
          <reporter-output>
          </reporter-output>
        </test-method> <!-- loginPageTitle -->
        <test-method status="PASS" signature="teardown()[pri:0, instance:com.ap.qa.testcases.LoginPageTest@704d6e83]" name="teardown" is-config="true" duration-ms="667" started-at="2022-04-22T16:49:07 EDT" finished-at="2022-04-22T16:49:08 EDT">
          <reporter-output>
          </reporter-output>
        </test-method> <!-- teardown -->
        <test-method status="PASS" signature="setUp()[pri:0, instance:com.ap.qa.testcases.LoginPageTest@704d6e83]" name="setUp" is-config="true" duration-ms="2619" started-at="2022-04-22T16:49:08 EDT" finished-at="2022-04-22T16:49:10 EDT">
          <reporter-output>
          </reporter-output>
        </test-method> <!-- setUp -->
        <test-method status="FAIL" signature="topImageResponsiveTest()[pri:2, instance:com.ap.qa.testcases.LoginPageTest@704d6e83]" name="topImageResponsiveTest" duration-ms="302" started-at="2022-04-22T16:49:10 EDT" finished-at="2022-04-22T16:49:11 EDT">
          <exception class="org.openqa.selenium.InvalidSelectorException">
            <message>
              <![CDATA[invalid selector: Unable to locate an element with the xpath expression //img[@class='img-responsive']/ because of the following error:
SyntaxError: Failed to execute 'evaluate' on 'Document': The string '//img[@class='img-responsive']/' is not a valid XPath expression.
  (Session info: chrome=100.0.4896.127)
For documentation on this error, please visit: https://selenium.dev/exceptions/#invalid_selector_exception
Build info: version: '4.1.3', revision: '7b1ebf28ef'
System info: host: 'DESKTOP-CH574A2', ip: '192.168.2.42', os.name: 'Windows 10', os.arch: 'amd64', os.version: '10.0', java.version: '1.8.0_321'
Driver info: org.openqa.selenium.chrome.ChromeDriver
Command: [066817e3f960989d005d775dcea2843d, findElement {using=xpath, value=//img[@class='img-responsive']/}]
Capabilities {acceptInsecureCerts: false, browserName: chrome, browserVersion: 100.0.4896.127, chrome: {chromedriverVersion: 99.0.4844.51 (d537ec02474b5..., userDataDir: C:\Users\12896\AppData\Loca...}, goog:chromeOptions: {debuggerAddress: localhost:53405}, javascriptEnabled: true, networkConnectionEnabled: false, pageLoadStrategy: normal, platform: WINDOWS, platformName: WINDOWS, proxy: Proxy(), se:cdp: ws://localhost:53405/devtoo..., se:cdpVersion: 100.0.4896.127, setWindowRect: true, strictFileInteractability: false, timeouts: {implicit: 0, pageLoad: 300000, script: 30000}, unhandledPromptBehavior: dismiss and notify, webauthn:extension:credBlob: true, webauthn:extension:largeBlob: true, webauthn:virtualAuthenticators: true}
Session ID: 066817e3f960989d005d775dcea2843d]]>
            </message>
            <full-stacktrace>
              <![CDATA[org.openqa.selenium.InvalidSelectorException: invalid selector: Unable to locate an element with the xpath expression //img[@class='img-responsive']/ because of the following error:
SyntaxError: Failed to execute 'evaluate' on 'Document': The string '//img[@class='img-responsive']/' is not a valid XPath expression.
  (Session info: chrome=100.0.4896.127)
For documentation on this error, please visit: https://selenium.dev/exceptions/#invalid_selector_exception
Build info: version: '4.1.3', revision: '7b1ebf28ef'
System info: host: 'DESKTOP-CH574A2', ip: '192.168.2.42', os.name: 'Windows 10', os.arch: 'amd64', os.version: '10.0', java.version: '1.8.0_321'
Driver info: org.openqa.selenium.chrome.ChromeDriver
Command: [066817e3f960989d005d775dcea2843d, findElement {using=xpath, value=//img[@class='img-responsive']/}]
Capabilities {acceptInsecureCerts: false, browserName: chrome, browserVersion: 100.0.4896.127, chrome: {chromedriverVersion: 99.0.4844.51 (d537ec02474b5..., userDataDir: C:\Users\12896\AppData\Loca...}, goog:chromeOptions: {debuggerAddress: localhost:53405}, javascriptEnabled: true, networkConnectionEnabled: false, pageLoadStrategy: normal, platform: WINDOWS, platformName: WINDOWS, proxy: Proxy(), se:cdp: ws://localhost:53405/devtoo..., se:cdpVersion: 100.0.4896.127, setWindowRect: true, strictFileInteractability: false, timeouts: {implicit: 0, pageLoad: 300000, script: 30000}, unhandledPromptBehavior: dismiss and notify, webauthn:extension:credBlob: true, webauthn:extension:largeBlob: true, webauthn:virtualAuthenticators: true}
Session ID: 066817e3f960989d005d775dcea2843d
at sun.reflect.NativeConstructorAccessorImpl.newInstance0(Native Method)
at sun.reflect.NativeConstructorAccessorImpl.newInstance(Unknown Source)
at sun.reflect.DelegatingConstructorAccessorImpl.newInstance(Unknown Source)
at java.lang.reflect.Constructor.newInstance(Unknown Source)
at org.openqa.selenium.remote.codec.w3c.W3CHttpResponseCodec.createException(W3CHttpResponseCodec.java:200)
at org.openqa.selenium.remote.codec.w3c.W3CHttpResponseCodec.decode(W3CHttpResponseCodec.java:133)
at org.openqa.selenium.remote.codec.w3c.W3CHttpResponseCodec.decode(W3CHttpResponseCodec.java:53)
at org.openqa.selenium.remote.HttpCommandExecutor.execute(HttpCommandExecutor.java:184)
at org.openqa.selenium.remote.service.DriverCommandExecutor.invokeExecute(DriverCommandExecutor.java:167)
at org.openqa.selenium.remote.service.DriverCommandExecutor.execute(DriverCommandExecutor.java:142)
at org.openqa.selenium.remote.RemoteWebDriver.execute(RemoteWebDriver.java:567)
at org.openqa.selenium.remote.ElementLocation$ElementFinder$2.findElement(ElementLocation.java:162)
at org.openqa.selenium.remote.ElementLocation.findElement(ElementLocation.java:60)
at org.openqa.selenium.remote.RemoteWebDriver.findElement(RemoteWebDriver.java:385)
at org.openqa.selenium.remote.RemoteWebDriver.findElement(RemoteWebDriver.java:377)
at sun.reflect.NativeMethodAccessorImpl.invoke0(Native Method)
at sun.reflect.NativeMethodAccessorImpl.invoke(Unknown Source)
at sun.reflect.DelegatingMethodAccessorImpl.invoke(Unknown Source)
at java.lang.reflect.Method.invoke(Unknown Source)
at org.openqa.selenium.support.events.EventFiringWebDriver.lambda$new$1(EventFiringWebDriver.java:115)
at com.sun.proxy.$Proxy12.findElement(Unknown Source)
at org.openqa.selenium.support.events.EventFiringWebDriver.findElement(EventFiringWebDriver.java:204)
at org.openqa.selenium.support.pagefactory.DefaultElementLocator.findElement(DefaultElementLocator.java:70)
at org.openqa.selenium.support.pagefactory.internal.LocatingElementHandler.invoke(LocatingElementHandler.java:39)
at com.sun.proxy.$Proxy16.isDisplayed(Unknown Source)
at com.ap.qa.pages.LoginPage.topImageResponsive(LoginPage.java:71)
at com.ap.qa.testcases.LoginPageTest.topImageResponsiveTest(LoginPageTest.java:37)
at sun.reflect.NativeMethodAccessorImpl.invoke0(Native Method)
at sun.reflect.NativeMethodAccessorImpl.invoke(Unknown Source)
at sun.reflect.DelegatingMethodAccessorImpl.invoke(Unknown Source)
at java.lang.reflect.Method.invoke(Unknown Source)
at org.testng.internal.invokers.MethodInvocationHelper.invokeMethod(MethodInvocationHelper.java:135)
at org.testng.internal.invokers.TestInvoker.invokeMethod(TestInvoker.java:673)
at org.testng.internal.invokers.TestInvoker.invokeTestMethod(TestInvoker.java:220)
at org.testng.internal.invokers.MethodRunner.runInSequence(MethodRunner.java:50)
at org.testng.internal.invokers.TestInvoker$MethodInvocationAgent.invoke(TestInvoker.java:945)
at org.testng.internal.invokers.TestInvoker.invokeTestMethods(TestInvoker.java:193)
at org.testng.internal.invokers.TestMethodWorker.invokeTestMethods(TestMethodWorker.java:146)
at org.testng.internal.invokers.TestMethodWorker.run(TestMethodWorker.java:128)
at java.util.ArrayList.forEach(Unknown Source)
at org.testng.TestRunner.privateRun(TestRunner.java:808)
at org.testng.TestRunner.run(TestRunner.java:603)
at org.testng.SuiteRunner.runTest(SuiteRunner.java:429)
at org.testng.SuiteRunner.runSequentially(SuiteRunner.java:423)
at org.testng.SuiteRunner.privateRun(SuiteRunner.java:383)
at org.testng.SuiteRunner.run(SuiteRunner.java:326)
at org.testng.SuiteRunnerWorker.runSuite(SuiteRunnerWorker.java:52)
at org.testng.SuiteRunnerWorker.run(SuiteRunnerWorker.java:95)
at org.testng.TestNG.runSuitesSequentially(TestNG.java:1249)
at org.testng.TestNG.runSuitesLocally(TestNG.java:1169)
at org.testng.TestNG.runSuites(TestNG.java:1092)
at org.testng.TestNG.run(TestNG.java:1060)
at org.testng.remote.AbstractRemoteTestNG.run(AbstractRemoteTestNG.java:115)
at org.testng.remote.RemoteTestNG.initAndRun(RemoteTestNG.java:251)
at org.testng.remote.RemoteTestNG.main(RemoteTestNG.java:77)
]]>
            </full-stacktrace>
          </exception> <!-- org.openqa.selenium.InvalidSelectorException -->
          <reporter-output>
          </reporter-output>
        </test-method> <!-- topImageResponsiveTest -->
        <test-method status="PASS" signature="teardown()[pri:0, instance:com.ap.qa.testcases.LoginPageTest@704d6e83]" name="teardown" is-config="true" duration-ms="663" started-at="2022-04-22T16:49:11 EDT" finished-at="2022-04-22T16:49:11 EDT">
          <reporter-output>
          </reporter-output>
        </test-method> <!-- teardown -->
        <test-method status="PASS" signature="setUp()[pri:0, instance:com.ap.qa.testcases.LoginPageTest@704d6e83]" name="setUp" is-config="true" duration-ms="2489" started-at="2022-04-22T16:49:11 EDT" finished-at="2022-04-22T16:49:14 EDT">
          <reporter-output>
          </reporter-output>
        </test-method> <!-- setUp -->
        <test-method status="PASS" signature="shopPhNoTest()[pri:3, instance:com.ap.qa.testcases.LoginPageTest@704d6e83]" name="shopPhNoTest" duration-ms="58" started-at="2022-04-22T16:49:14 EDT" finished-at="2022-04-22T16:49:14 EDT">
          <reporter-output>
          </reporter-output>
        </test-method> <!-- shopPhNoTest -->
        <test-method status="PASS" signature="teardown()[pri:0, instance:com.ap.qa.testcases.LoginPageTest@704d6e83]" name="teardown" is-config="true" duration-ms="662" started-at="2022-04-22T16:49:14 EDT" finished-at="2022-04-22T16:49:14 EDT">
          <reporter-output>
          </reporter-output>
        </test-method> <!-- teardown -->
        <test-method status="PASS" signature="setUp()[pri:0, instance:com.ap.qa.testcases.LoginPageTest@704d6e83]" name="setUp" is-config="true" duration-ms="2602" started-at="2022-04-22T16:49:14 EDT" finished-at="2022-04-22T16:49:17 EDT">
          <reporter-output>
          </reporter-output>
        </test-method> <!-- setUp -->
        <test-method status="PASS" signature="contactUsTest()[pri:4, instance:com.ap.qa.testcases.LoginPageTest@704d6e83]" name="contactUsTest" duration-ms="43" started-at="2022-04-22T16:49:17 EDT" finished-at="2022-04-22T16:49:17 EDT">
          <reporter-output>
          </reporter-output>
        </test-method> <!-- contactUsTest -->
        <test-method status="PASS" signature="teardown()[pri:0, instance:com.ap.qa.testcases.LoginPageTest@704d6e83]" name="teardown" is-config="true" duration-ms="657" started-at="2022-04-22T16:49:17 EDT" finished-at="2022-04-22T16:49:18 EDT">
          <reporter-output>
          </reporter-output>
        </test-method> <!-- teardown -->
        <test-method status="PASS" signature="setUp()[pri:0, instance:com.ap.qa.testcases.LoginPageTest@704d6e83]" name="setUp" is-config="true" duration-ms="2928" started-at="2022-04-22T16:49:18 EDT" finished-at="2022-04-22T16:49:21 EDT">
          <reporter-output>
          </reporter-output>
        </test-method> <!-- setUp -->
        <test-method status="PASS" signature="signInTopBtnTest()[pri:5, instance:com.ap.qa.testcases.LoginPageTest@704d6e83]" name="signInTopBtnTest" duration-ms="37" started-at="2022-04-22T16:49:21 EDT" finished-at="2022-04-22T16:49:21 EDT">
          <reporter-output>
          </reporter-output>
        </test-method> <!-- signInTopBtnTest -->
        <test-method status="PASS" signature="teardown()[pri:0, instance:com.ap.qa.testcases.LoginPageTest@704d6e83]" name="teardown" is-config="true" duration-ms="639" started-at="2022-04-22T16:49:21 EDT" finished-at="2022-04-22T16:49:21 EDT">
          <reporter-output>
          </reporter-output>
        </test-method> <!-- teardown -->
        <test-method status="PASS" signature="setUp()[pri:0, instance:com.ap.qa.testcases.LoginPageTest@704d6e83]" name="setUp" is-config="true" duration-ms="2720" started-at="2022-04-22T16:49:21 EDT" finished-at="2022-04-22T16:49:24 EDT">
          <reporter-output>
          </reporter-output>
        </test-method> <!-- setUp -->
        <test-method status="PASS" signature="shopLogoTest()[pri:6, instance:com.ap.qa.testcases.LoginPageTest@704d6e83]" name="shopLogoTest" duration-ms="34" started-at="2022-04-22T16:49:24 EDT" finished-at="2022-04-22T16:49:24 EDT">
          <reporter-output>
          </reporter-output>
        </test-method> <!-- shopLogoTest -->
        <test-method status="PASS" signature="teardown()[pri:0, instance:com.ap.qa.testcases.LoginPageTest@704d6e83]" name="teardown" is-config="true" duration-ms="662" started-at="2022-04-22T16:49:24 EDT" finished-at="2022-04-22T16:49:25 EDT">
          <reporter-output>
          </reporter-output>
        </test-method> <!-- teardown -->
        <test-method status="PASS" signature="setUp()[pri:0, instance:com.ap.qa.testcases.LoginPageTest@704d6e83]" name="setUp" is-config="true" duration-ms="2568" started-at="2022-04-22T16:49:25 EDT" finished-at="2022-04-22T16:49:27 EDT">
          <reporter-output>
          </reporter-output>
        </test-method> <!-- setUp -->
        <test-method status="PASS" signature="searchBarTest()[pri:7, instance:com.ap.qa.testcases.LoginPageTest@704d6e83]" name="searchBarTest" duration-ms="33" started-at="2022-04-22T16:49:27 EDT" finished-at="2022-04-22T16:49:27 EDT">
          <reporter-output>
          </reporter-output>
        </test-method> <!-- searchBarTest -->
        <test-method status="PASS" signature="teardown()[pri:0, instance:com.ap.qa.testcases.LoginPageTest@704d6e83]" name="teardown" is-config="true" duration-ms="671" started-at="2022-04-22T16:49:27 EDT" finished-at="2022-04-22T16:49:28 EDT">
          <reporter-output>
          </reporter-output>
        </test-method> <!-- teardown -->
        <test-method status="PASS" signature="setUp()[pri:0, instance:com.ap.qa.testcases.LoginPageTest@704d6e83]" name="setUp" is-config="true" duration-ms="3576" started-at="2022-04-22T16:49:28 EDT" finished-at="2022-04-22T16:49:32 EDT">
          <reporter-output>
          </reporter-output>
        </test-method> <!-- setUp -->
        <test-method status="PASS" signature="cartTest()[pri:8, instance:com.ap.qa.testcases.LoginPageTest@704d6e83]" name="cartTest" duration-ms="32" started-at="2022-04-22T16:49:32 EDT" finished-at="2022-04-22T16:49:32 EDT">
          <reporter-output>
          </reporter-output>
        </test-method> <!-- cartTest -->
        <test-method status="PASS" signature="teardown()[pri:0, instance:com.ap.qa.testcases.LoginPageTest@704d6e83]" name="teardown" is-config="true" duration-ms="653" started-at="2022-04-22T16:49:32 EDT" finished-at="2022-04-22T16:49:32 EDT">
          <reporter-output>
          </reporter-output>
        </test-method> <!-- teardown -->
        <test-method status="PASS" signature="setUp()[pri:0, instance:com.ap.qa.testcases.LoginPageTest@704d6e83]" name="setUp" is-config="true" duration-ms="2822" started-at="2022-04-22T16:49:32 EDT" finished-at="2022-04-22T16:49:35 EDT">
          <reporter-output>
          </reporter-output>
        </test-method> <!-- setUp -->
        <test-method status="PASS" signature="homeTest()[pri:9, instance:com.ap.qa.testcases.LoginPageTest@704d6e83]" name="homeTest" duration-ms="34" started-at="2022-04-22T16:49:35 EDT" finished-at="2022-04-22T16:49:35 EDT">
          <reporter-output>
          </reporter-output>
        </test-method> <!-- homeTest -->
        <test-method status="PASS" signature="teardown()[pri:0, instance:com.ap.qa.testcases.LoginPageTest@704d6e83]" name="teardown" is-config="true" duration-ms="640" started-at="2022-04-22T16:49:35 EDT" finished-at="2022-04-22T16:49:36 EDT">
          <reporter-output>
          </reporter-output>
        </test-method> <!-- teardown -->
        <test-method status="PASS" signature="setUp()[pri:0, instance:com.ap.qa.testcases.LoginPageTest@704d6e83]" name="setUp" is-config="true" duration-ms="3103" started-at="2022-04-22T16:49:36 EDT" finished-at="2022-04-22T16:49:39 EDT">
          <reporter-output>
          </reporter-output>
        </test-method> <!-- setUp -->
        <test-method status="PASS" signature="headerTest()[pri:10, instance:com.ap.qa.testcases.LoginPageTest@704d6e83]" name="headerTest" duration-ms="36" started-at="2022-04-22T16:49:39 EDT" finished-at="2022-04-22T16:49:39 EDT">
          <reporter-output>
          </reporter-output>
        </test-method> <!-- headerTest -->
        <test-method status="PASS" signature="teardown()[pri:0, instance:com.ap.qa.testcases.LoginPageTest@704d6e83]" name="teardown" is-config="true" duration-ms="657" started-at="2022-04-22T16:49:39 EDT" finished-at="2022-04-22T16:49:40 EDT">
          <reporter-output>
          </reporter-output>
        </test-method> <!-- teardown -->
        <test-method status="PASS" signature="setUp()[pri:0, instance:com.ap.qa.testcases.LoginPageTest@704d6e83]" name="setUp" is-config="true" duration-ms="2595" started-at="2022-04-22T16:49:40 EDT" finished-at="2022-04-22T16:49:42 EDT">
          <reporter-output>
          </reporter-output>
        </test-method> <!-- setUp -->
        <test-method status="PASS" signature="emailCreateTest()[pri:11, instance:com.ap.qa.testcases.LoginPageTest@704d6e83]" name="emailCreateTest" duration-ms="34" started-at="2022-04-22T16:49:42 EDT" finished-at="2022-04-22T16:49:42 EDT">
          <reporter-output>
          </reporter-output>
        </test-method> <!-- emailCreateTest -->
        <test-method status="PASS" signature="teardown()[pri:0, instance:com.ap.qa.testcases.LoginPageTest@704d6e83]" name="teardown" is-config="true" duration-ms="680" started-at="2022-04-22T16:49:42 EDT" finished-at="2022-04-22T16:49:43 EDT">
          <reporter-output>
          </reporter-output>
        </test-method> <!-- teardown -->
        <test-method status="PASS" signature="setUp()[pri:0, instance:com.ap.qa.testcases.LoginPageTest@704d6e83]" name="setUp" is-config="true" duration-ms="2556" started-at="2022-04-22T16:49:43 EDT" finished-at="2022-04-22T16:49:45 EDT">
          <reporter-output>
          </reporter-output>
        </test-method> <!-- setUp -->
        <test-method status="PASS" signature="createAnAccountTest()[pri:12, instance:com.ap.qa.testcases.LoginPageTest@704d6e83]" name="createAnAccountTest" duration-ms="35" started-at="2022-04-22T16:49:45 EDT" finished-at="2022-04-22T16:49:45 EDT">
          <reporter-output>
          </reporter-output>
        </test-method> <!-- createAnAccountTest -->
        <test-method status="PASS" signature="teardown()[pri:0, instance:com.ap.qa.testcases.LoginPageTest@704d6e83]" name="teardown" is-config="true" duration-ms="665" started-at="2022-04-22T16:49:45 EDT" finished-at="2022-04-22T16:49:46 EDT">
          <reporter-output>
          </reporter-output>
        </test-method> <!-- teardown -->
        <test-method status="PASS" signature="setUp()[pri:0, instance:com.ap.qa.testcases.LoginPageTest@704d6e83]" name="setUp" is-config="true" duration-ms="2556" started-at="2022-04-22T16:49:46 EDT" finished-at="2022-04-22T16:49:49 EDT">
          <reporter-output>
          </reporter-output>
        </test-method> <!-- setUp -->
        <test-method status="PASS" signature="forgotYourPasswordTest()[pri:13, instance:com.ap.qa.testcases.LoginPageTest@704d6e83]" name="forgotYourPasswordTest" duration-ms="29" started-at="2022-04-22T16:49:49 EDT" finished-at="2022-04-22T16:49:49 EDT">
          <reporter-output>
          </reporter-output>
        </test-method> <!-- forgotYourPasswordTest -->
        <test-method status="PASS" signature="teardown()[pri:0, instance:com.ap.qa.testcases.LoginPageTest@704d6e83]" name="teardown" is-config="true" duration-ms="667" started-at="2022-04-22T16:49:49 EDT" finished-at="2022-04-22T16:49:49 EDT">
          <reporter-output>
          </reporter-output>
        </test-method> <!-- teardown -->
        <test-method status="PASS" signature="setUp()[pri:0, instance:com.ap.qa.testcases.LoginPageTest@704d6e83]" name="setUp" is-config="true" duration-ms="2674" started-at="2022-04-22T16:49:49 EDT" finished-at="2022-04-22T16:49:52 EDT">
          <reporter-output>
          </reporter-output>
        </test-method> <!-- setUp -->
        <test-method status="PASS" signature="footerSectionTest()[pri:14, instance:com.ap.qa.testcases.LoginPageTest@704d6e83]" name="footerSectionTest" duration-ms="31" started-at="2022-04-22T16:49:52 EDT" finished-at="2022-04-22T16:49:52 EDT">
          <reporter-output>
          </reporter-output>
        </test-method> <!-- footerSectionTest -->
        <test-method status="PASS" signature="teardown()[pri:0, instance:com.ap.qa.testcases.LoginPageTest@704d6e83]" name="teardown" is-config="true" duration-ms="637" started-at="2022-04-22T16:49:52 EDT" finished-at="2022-04-22T16:49:53 EDT">
          <reporter-output>
          </reporter-output>
        </test-method> <!-- teardown -->
        <test-method status="PASS" signature="setUp()[pri:0, instance:com.ap.qa.testcases.LoginPageTest@704d6e83]" name="setUp" is-config="true" duration-ms="2633" started-at="2022-04-22T16:49:53 EDT" finished-at="2022-04-22T16:49:55 EDT">
          <reporter-output>
          </reporter-output>
        </test-method> <!-- setUp -->
        <test-method status="PASS" signature="login()[pri:15, instance:com.ap.qa.testcases.LoginPageTest@704d6e83]" name="login" duration-ms="3050" started-at="2022-04-22T16:49:55 EDT" finished-at="2022-04-22T16:49:58 EDT">
          <reporter-output>
          </reporter-output>
        </test-method> <!-- login -->
        <test-method status="PASS" signature="teardown()[pri:0, instance:com.ap.qa.testcases.LoginPageTest@704d6e83]" name="teardown" is-config="true" duration-ms="652" started-at="2022-04-22T16:49:58 EDT" finished-at="2022-04-22T16:49:59 EDT">
          <reporter-output>
          </reporter-output>
        </test-method> <!-- teardown -->
      </class> <!-- com.ap.qa.testcases.LoginPageTest -->
    </test> <!-- Test -->
  </suite> <!-- Suite_Runner -->
</testng-results>
